Width: 108
Heigth: 16
User input: 
User input count: 0
Cursor position: 0
===========================
Width: 108
Heigth: 16
User input: q
User input count: 1
Cursor position: 1
===========================
Width: 108
Heigth: 16
User input: qs
User input count: 2
Cursor position: 2
===========================
Width: 108
Heigth: 16
User input: qsd
User input count: 3
Cursor position: 3
===========================
Width: 108
Heigth: 16
User input: qsdq
User input count: 4
Cursor position: 4
===========================
Width: 108
Heigth: 16
User input: qsdqs
User input count: 5
Cursor position: 5
===========================
Width: 108
Heigth: 16
User input: qsdqsd
User input count: 6
Cursor position: 6
===========================
Width: 108
Heigth: 16
User input: qsdqsdq
User input count: 7
Cursor position: 7
===========================
Width: 108
Heigth: 16
User input: qsdqsdqz
User input count: 8
Cursor position: 8
===========================
Width: 108
Heigth: 16
User input: qsdqsdqzd
User input count: 9
Cursor position: 9
===========================
Width: 108
Heigth: 16
User input: qsdqsdqzdq
User input count: 10
Cursor position: 10
===========================
Width: 108
Heigth: 16
User input: qsdqsdqzdqz
User input count: 11
Cursor position: 11
===========================
Width: 108
Heigth: 16
User input: qsdqsdqzdqzd
User input count: 12
Cursor position: 12
===========================
Width: 108
Heigth: 16
User input: qsdqsdqzdqzdl
User input count: 13
Cursor position: 13
===========================
Width: 108
Heigth: 16
User input: qsdqsdqzdqzdlf
User input count: 14
Cursor position: 14
===========================
Width: 108
Heigth: 16
User input: qsdqsdqzdqzdlfl
User input count: 15
Cursor position: 15
===========================
Width: 108
Heigth: 16
User input: qsdqsdqzdqzdlfld
User input count: 16
Cursor position: 16
===========================
Width: 108
Heigth: 16
User input: qsdqsdqzdqzdlflds
User input count: 17
Cursor position: 17
===========================
Width: 108
Heigth: 16
User input: 
User input count: 0
Cursor position: 0
===========================
Width: 108
Heigth: 16
User input: q
User input count: 1
Cursor position: 1
===========================
Width: 108
Heigth: 16
User input: ql
User input count: 2
Cursor position: 2
===========================
Width: 108
Heigth: 16
User input: qls
User input count: 3
Cursor position: 3
===========================
Width: 108
Heigth: 16
User input: qlsd
User input count: 4
Cursor position: 4
===========================
Width: 108
Heigth: 16
User input: qlsdf
User input count: 5
Cursor position: 5
===========================
Width: 108
Heigth: 16
User input: qlsdfk
User input count: 6
Cursor position: 6
===========================
Width: 108
Heigth: 16
User input: qlsdfkm
User input count: 7
Cursor position: 7
===========================
Width: 108
Heigth: 16
User input: qlsdfkml
User input count: 8
Cursor position: 8
===========================
Width: 108
Heigth: 16
User input: qlsdfkmls
User input count: 9
Cursor position: 9
===========================
Width: 108
Heigth: 16
User input: qlsdfkmlsd
User input count: 10
Cursor position: 10
===========================
Width: 108
Heigth: 16
User input: qlsdfkmlsdj
User input count: 11
Cursor position: 11
===========================
Width: 108
Heigth: 16
User input: qlsdfkmlsdjg
User input count: 12
Cursor position: 12
===========================
Width: 108
Heigth: 16
User input: qlsdfkmlsdjgl
User input count: 13
Cursor position: 13
===========================
Width: 108
Heigth: 16
User input: qlsdfkmlsdjglk
User input count: 14
Cursor position: 14
===========================
Width: 108
Heigth: 16
User input: qlsdfkmlsdjglkd
User input count: 15
Cursor position: 15
===========================
Width: 108
Heigth: 16
User input: qlsdfkmlsdjglkds
User input count: 16
Cursor position: 16
===========================
Width: 108
Heigth: 16
User input: qlsdfkmlsdjglkdsf
User input count: 17
Cursor position: 17
===========================
Width: 108
Heigth: 16
User input: qlsdfkmlsdjglkdsfg
User input count: 18
Cursor position: 18
===========================
Width: 108
Heigth: 16
User input: qlsdfkmlsdjglkdsfgj
User input count: 19
Cursor position: 19
===========================
Width: 108
Heigth: 16
User input: qlsdfkmlsdjglkdsfgjh
User input count: 20
Cursor position: 20
===========================
Width: 108
Heigth: 16
User input: qlsdfkmlsdjglkdsfgjhk
User input count: 21
Cursor position: 21
===========================
Width: 108
Heigth: 16
User input: qlsdfkmlsdjglkdsfgjhkd
User input count: 22
Cursor position: 22
===========================
Width: 108
Heigth: 16
User input: qlsdfkmlsdjglkdsfgjhkdg
User input count: 23
Cursor position: 23
===========================
Width: 108
Heigth: 16
User input: qlsdfkmlsdjglkdsfgjhkdgj
User input count: 24
Cursor position: 24
===========================
Width: 108
Heigth: 16
User input: qlsdfkmlsdjglkdsfgjhkdgjh
User input count: 25
Cursor position: 25
===========================
Width: 108
Heigth: 16
User input: qlsdfkmlsdjglkdsfgjhkdgjhe
User input count: 26
Cursor position: 26
===========================
Width: 108
Heigth: 16
User input: qlsdfkmlsdjglkdsfgjhkdgjhet
User input count: 27
Cursor position: 27
===========================
Width: 108
Heigth: 16
User input: qlsdfkmlsdjglkdsfgjhkdgjhetg
User input count: 28
Cursor position: 28
===========================
Width: 108
Heigth: 16
User input: qlsdfkmlsdjglkdsfgjhkdgjhetgd
User input count: 29
Cursor position: 29
===========================
Width: 108
Heigth: 16
User input: qlsdfkmlsdjglkdsfgjhkdgjhetgdk
User input count: 30
Cursor position: 30
===========================
Width: 108
Heigth: 16
User input: qlsdfkmlsdjglkdsfgjhkdgjhetgdkj
User input count: 31
Cursor position: 31
===========================
Width: 108
Heigth: 16
User input: qlsdfkmlsdjglkdsfgjhkdgjhetgdkjr
User input count: 32
Cursor position: 32
===========================
Width: 108
Heigth: 16
User input: qlsdfkmlsdjglkdsfgjhkdgjhetgdkjrt
User input count: 33
Cursor position: 33
===========================
Width: 108
Heigth: 16
User input: 
User input count: 0
Cursor position: 0
===========================
